2023-03-21 19:58:27.990 | INFO     | __main__:process_video:246 - processing rgb
2023-03-21 19:58:27.991 | INFO     | __main__:generate_frame:68 - copy frames from folder: rgb...
2023-03-21 19:58:27.996 | INFO     | __main__:generate_frame:76 - video frames are stored in ./rgb/frame
2023-03-21 19:58:27.996 | INFO     | __main__:generate_image:81 - generae images, crop True, image size 512
2023-03-21 19:58:43.583 | INFO     | __main__:generate_image:92 - detect first image ./rgb/frame/rgb_f000000.png
2023-03-21 19:58:54.976 | INFO     | __main__:generate_image:118 - images are stored in ./rgb/image
2023-03-21 21:48:56.040 | INFO     | __main__:process_video:246 - processing rgb
2023-03-21 21:48:56.040 | INFO     | __main__:generate_frame:68 - copy frames from folder: rgb...
2023-03-21 21:48:56.047 | INFO     | __main__:generate_frame:76 - video frames are stored in ./rgb/frame
2023-03-21 21:48:56.047 | INFO     | __main__:generate_image:81 - generae images, crop True, image size 512
2023-03-21 21:48:58.258 | INFO     | __main__:generate_image:92 - detect first image ./rgb/frame/rgb_f000000.png
2023-03-21 21:49:10.488 | INFO     | __main__:generate_image:118 - images are stored in ./rgb/image
2023-03-21 21:49:11.643 | INFO     | __main__:generate_cloth_segmentation:163 - generate cloth segmentation for ./rgb/image
2023-03-21 21:49:12.679 | INFO     | __main__:generate_pixie:207 - generate pixie results
2023-03-21 21:51:43.803 | INFO     | __main__:process_video:246 - processing rgb
2023-03-21 21:51:43.803 | INFO     | __main__:generate_frame:68 - copy frames from folder: rgb...
2023-03-21 21:51:43.811 | INFO     | __main__:generate_frame:76 - video frames are stored in ./rgb/frame
2023-03-21 21:51:43.811 | INFO     | __main__:generate_image:81 - generae images, crop True, image size 512
2023-03-21 21:51:45.760 | INFO     | __main__:generate_image:92 - detect first image ./rgb/frame/rgb_f000000.png
2023-03-21 21:51:58.088 | INFO     | __main__:generate_image:118 - images are stored in ./rgb/image
2023-03-21 21:51:59.318 | INFO     | __main__:generate_cloth_segmentation:163 - generate cloth segmentation for ./rgb/image
2023-03-21 21:52:00.331 | INFO     | __main__:generate_pixie:207 - generate pixie results
2023-03-21 21:57:09.592 | INFO     | __main__:process_video:246 - processing rgb
2023-03-21 21:57:09.592 | INFO     | __main__:generate_frame:68 - copy frames from folder: rgb...
2023-03-21 21:57:09.599 | INFO     | __main__:generate_frame:76 - video frames are stored in ./rgb/frame
2023-03-21 21:57:09.600 | INFO     | __main__:generate_image:81 - generae images, crop True, image size 512
2023-03-21 21:57:11.621 | INFO     | __main__:generate_image:92 - detect first image ./rgb/frame/rgb_f000000.png
2023-03-21 21:57:24.034 | INFO     | __main__:generate_image:118 - images are stored in ./rgb/image
2023-03-21 21:57:25.250 | INFO     | __main__:generate_cloth_segmentation:163 - generate cloth segmentation for ./rgb/image
2023-03-21 21:57:26.305 | INFO     | __main__:generate_pixie:207 - generate pixie results
2023-03-21 21:58:54.931 | INFO     | __main__:process_video:246 - processing rgb
2023-03-21 21:58:54.931 | INFO     | __main__:generate_frame:68 - copy frames from folder: rgb...
2023-03-21 21:58:54.938 | INFO     | __main__:generate_frame:76 - video frames are stored in ./rgb/frame
2023-03-21 21:58:54.938 | INFO     | __main__:generate_image:81 - generae images, crop True, image size 512
2023-03-21 21:58:57.253 | INFO     | __main__:generate_image:92 - detect first image ./rgb/frame/rgb_f000000.png
2023-03-21 21:59:09.726 | INFO     | __main__:generate_image:118 - images are stored in ./rgb/image
2023-03-21 21:59:10.998 | INFO     | __main__:generate_cloth_segmentation:163 - generate cloth segmentation for ./rgb/image
2023-03-21 21:59:12.133 | INFO     | __main__:generate_pixie:207 - generate pixie results
2023-03-22 14:04:59.962 | INFO     | __main__:process_video:246 - processing rgb
2023-03-22 14:04:59.963 | INFO     | __main__:generate_frame:68 - copy frames from folder: rgb...
2023-03-22 14:04:59.970 | INFO     | __main__:generate_frame:76 - video frames are stored in ./rgb/frame
2023-03-22 14:04:59.970 | INFO     | __main__:generate_image:81 - generae images, crop True, image size 512
2023-03-22 14:05:01.955 | INFO     | __main__:generate_image:92 - detect first image ./rgb/frame/rgb_f000000.png
2023-03-22 14:05:14.233 | INFO     | __main__:generate_image:118 - images are stored in ./rgb/image
2023-03-22 14:05:15.421 | INFO     | __main__:generate_cloth_segmentation:163 - generate cloth segmentation for ./rgb/image
2023-03-22 14:05:16.462 | INFO     | __main__:generate_pixie:207 - generate pixie results
2023-03-22 14:12:27.572 | INFO     | __main__:process_video:246 - processing rgb
2023-03-22 14:12:27.572 | INFO     | __main__:generate_frame:68 - copy frames from folder: rgb...
2023-03-22 14:12:27.580 | INFO     | __main__:generate_frame:76 - video frames are stored in ./rgb/frame
2023-03-22 14:12:27.580 | INFO     | __main__:generate_image:81 - generae images, crop True, image size 512
2023-03-22 14:12:29.503 | INFO     | __main__:generate_image:92 - detect first image ./rgb/frame/rgb_f000000.png
2023-03-22 14:12:41.872 | INFO     | __main__:generate_image:118 - images are stored in ./rgb/image
2023-03-22 14:12:43.014 | INFO     | __main__:generate_cloth_segmentation:163 - generate cloth segmentation for ./rgb/image
2023-03-22 14:12:44.059 | INFO     | __main__:generate_pixie:207 - generate pixie results
2023-03-22 14:31:46.835 | INFO     | __main__:process_video:246 - processing rgb
2023-03-22 14:31:46.835 | INFO     | __main__:generate_frame:68 - copy frames from folder: rgb...
2023-03-22 14:31:46.842 | INFO     | __main__:generate_frame:76 - video frames are stored in ./rgb/frame
2023-03-22 14:31:46.842 | INFO     | __main__:generate_image:81 - generae images, crop True, image size 512
2023-03-22 14:31:47.874 | INFO     | __main__:generate_image:92 - detect first image ./rgb/frame/rgb_f000000.png
2023-03-22 14:32:27.806 | INFO     | __main__:process_video:246 - processing rgb
2023-03-22 14:32:27.807 | INFO     | __main__:generate_frame:68 - copy frames from folder: rgb...
2023-03-22 14:32:27.814 | INFO     | __main__:generate_frame:76 - video frames are stored in ./rgb/frame
2023-03-22 14:32:27.814 | INFO     | __main__:generate_image:81 - generae images, crop True, image size 512
2023-03-22 14:32:28.741 | INFO     | __main__:generate_image:92 - detect first image ./rgb/frame/rgb_f000000.png
2023-03-22 14:35:23.736 | INFO     | __main__:process_video:246 - processing rgb
2023-03-22 14:35:23.736 | INFO     | __main__:generate_frame:68 - copy frames from folder: rgb...
2023-03-22 14:35:23.743 | INFO     | __main__:generate_frame:76 - video frames are stored in ./rgb/frame
2023-03-22 14:35:23.743 | INFO     | __main__:generate_image:81 - generae images, crop True, image size 512
2023-03-22 14:35:24.727 | INFO     | __main__:generate_image:92 - detect first image ./rgb/frame/rgb_f000000.png
2023-03-22 14:47:03.402 | INFO     | __main__:process_video:246 - processing rgb
2023-03-22 14:47:03.402 | INFO     | __main__:generate_frame:68 - copy frames from folder: rgb...
2023-03-22 14:47:03.409 | INFO     | __main__:generate_frame:76 - video frames are stored in ./rgb/frame
2023-03-22 14:47:03.410 | INFO     | __main__:generate_image:81 - generae images, crop True, image size 512
2023-03-22 14:48:16.185 | INFO     | __main__:process_video:246 - processing rgb
2023-03-22 14:48:16.185 | INFO     | __main__:generate_frame:68 - copy frames from folder: rgb...
2023-03-22 14:48:16.192 | INFO     | __main__:generate_frame:76 - video frames are stored in ./rgb/frame
2023-03-22 14:48:16.193 | INFO     | __main__:generate_image:81 - generae images, crop True, image size 512
2023-03-22 14:48:18.156 | INFO     | __main__:generate_image:92 - detect first image ./rgb/frame/rgb_f000000.png
2023-03-22 14:48:30.935 | INFO     | __main__:generate_image:118 - images are stored in ./rgb/image
2023-03-22 14:48:32.221 | INFO     | __main__:generate_cloth_segmentation:163 - generate cloth segmentation for ./rgb/image
2023-03-22 14:48:33.200 | INFO     | __main__:generate_pixie:207 - generate pixie results
2023-03-22 14:51:50.509 | INFO     | __main__:process_video:246 - processing rgb
2023-03-22 14:51:50.510 | INFO     | __main__:generate_frame:68 - copy frames from folder: rgb...
2023-03-22 14:51:50.517 | INFO     | __main__:generate_frame:76 - video frames are stored in ./rgb/frame
2023-03-22 14:51:50.517 | INFO     | __main__:generate_image:81 - generae images, crop True, image size 512
2023-03-22 14:51:52.543 | INFO     | __main__:generate_image:92 - detect first image ./rgb/frame/rgb_f000000.png
2023-03-22 14:52:05.281 | INFO     | __main__:generate_image:118 - images are stored in ./rgb/image
2023-03-22 14:52:06.451 | INFO     | __main__:generate_cloth_segmentation:163 - generate cloth segmentation for ./rgb/image
2023-03-22 14:52:07.481 | INFO     | __main__:generate_pixie:207 - generate pixie results
2023-03-22 14:53:18.225 | INFO     | __main__:process_video:246 - processing rgb
2023-03-22 14:53:18.225 | INFO     | __main__:generate_frame:68 - copy frames from folder: rgb...
2023-03-22 14:53:18.232 | INFO     | __main__:generate_frame:76 - video frames are stored in ./rgb/frame
2023-03-22 14:53:18.232 | INFO     | __main__:generate_image:81 - generae images, crop True, image size 512
2023-03-22 14:53:20.361 | INFO     | __main__:generate_image:92 - detect first image ./rgb/frame/rgb_f000000.png
2023-03-22 14:53:33.307 | INFO     | __main__:generate_image:118 - images are stored in ./rgb/image
2023-03-22 14:53:34.460 | INFO     | __main__:generate_cloth_segmentation:163 - generate cloth segmentation for ./rgb/image
2023-03-22 14:53:35.418 | INFO     | __main__:generate_pixie:207 - generate pixie results
2023-03-22 15:08:46.044 | INFO     | __main__:process_video:246 - processing rgb
2023-03-22 15:08:46.044 | INFO     | __main__:generate_frame:68 - copy frames from folder: rgb...
2023-03-22 15:08:46.052 | INFO     | __main__:generate_frame:76 - video frames are stored in ./rgb/frame
2023-03-22 15:08:46.052 | INFO     | __main__:generate_image:81 - generae images, crop True, image size 512
2023-03-22 15:08:48.225 | INFO     | __main__:generate_image:92 - detect first image ./rgb/frame/rgb_f000000.png
2023-03-22 15:09:00.969 | INFO     | __main__:generate_image:118 - images are stored in ./rgb/image
2023-03-22 15:09:02.104 | INFO     | __main__:generate_cloth_segmentation:163 - generate cloth segmentation for ./rgb/image
2023-03-22 15:09:03.030 | INFO     | __main__:generate_pixie:207 - generate pixie results
2023-03-22 15:15:49.117 | INFO     | __main__:process_video:246 - processing rgb
2023-03-22 15:15:49.117 | INFO     | __main__:generate_frame:68 - copy frames from folder: rgb...
2023-03-22 15:15:49.125 | INFO     | __main__:generate_frame:76 - video frames are stored in ./rgb/frame
2023-03-22 15:15:49.125 | INFO     | __main__:generate_image:81 - generae images, crop True, image size 512
2023-03-22 15:15:51.236 | INFO     | __main__:generate_image:92 - detect first image ./rgb/frame/rgb_f000000.png
2023-03-22 15:16:03.966 | INFO     | __main__:generate_image:118 - images are stored in ./rgb/image
2023-03-22 15:16:05.193 | INFO     | __main__:generate_cloth_segmentation:163 - generate cloth segmentation for ./rgb/image
2023-03-22 15:16:06.195 | INFO     | __main__:generate_pixie:207 - generate pixie results
2023-03-22 15:17:52.811 | INFO     | __main__:process_video:246 - processing rgb
2023-03-22 15:17:52.811 | INFO     | __main__:generate_frame:68 - copy frames from folder: rgb...
2023-03-22 15:17:52.818 | INFO     | __main__:generate_frame:76 - video frames are stored in ./rgb/frame
2023-03-22 15:17:52.818 | INFO     | __main__:generate_image:81 - generae images, crop True, image size 512
2023-03-22 15:17:54.848 | INFO     | __main__:generate_image:92 - detect first image ./rgb/frame/rgb_f000000.png
2023-03-22 15:18:07.739 | INFO     | __main__:generate_image:118 - images are stored in ./rgb/image
2023-03-22 15:18:08.957 | INFO     | __main__:generate_cloth_segmentation:163 - generate cloth segmentation for ./rgb/image
2023-03-22 15:18:10.033 | INFO     | __main__:generate_pixie:207 - generate pixie results
2023-03-22 15:21:49.328 | INFO     | __main__:process_video:246 - processing rgb
2023-03-22 15:21:49.328 | INFO     | __main__:generate_frame:68 - copy frames from folder: rgb...
2023-03-22 15:21:49.335 | INFO     | __main__:generate_frame:76 - video frames are stored in ./rgb/frame
2023-03-22 15:21:49.335 | INFO     | __main__:generate_image:81 - generae images, crop True, image size 512
2023-03-22 15:29:52.014 | INFO     | __main__:process_video:246 - processing rgb
2023-03-22 15:29:52.014 | INFO     | __main__:generate_frame:68 - copy frames from folder: rgb...
2023-03-22 15:29:52.021 | INFO     | __main__:generate_frame:76 - video frames are stored in ./rgb/frame
2023-03-22 15:29:52.022 | INFO     | __main__:generate_image:81 - generae images, crop True, image size 512
2023-03-22 15:49:06.085 | INFO     | __main__:process_video:246 - processing rgb
2023-03-22 15:49:06.085 | INFO     | __main__:generate_frame:68 - copy frames from folder: rgb...
2023-03-22 15:49:06.094 | INFO     | __main__:generate_frame:76 - video frames are stored in ./rgb/frame
2023-03-22 15:49:06.094 | INFO     | __main__:generate_image:81 - generae images, crop True, image size 512
2023-03-22 15:53:26.327 | INFO     | __main__:process_video:246 - processing rgb
2023-03-22 15:53:26.327 | INFO     | __main__:generate_frame:68 - copy frames from folder: rgb...
2023-03-22 15:53:26.336 | INFO     | __main__:generate_frame:76 - video frames are stored in ./rgb/frame
2023-03-22 15:53:26.336 | INFO     | __main__:generate_image:81 - generae images, crop True, image size 512
2023-03-22 15:53:28.921 | INFO     | __main__:generate_image:92 - detect first image ./rgb/frame/rgb_f000000.png
2023-03-22 15:53:40.465 | INFO     | __main__:generate_image:118 - images are stored in ./rgb/image
2023-03-22 16:17:08.052 | INFO     | __main__:process_video:246 - processing rgb
2023-03-22 16:17:08.053 | INFO     | __main__:generate_frame:68 - copy frames from folder: rgb...
2023-03-22 16:17:08.062 | INFO     | __main__:generate_frame:76 - video frames are stored in ./rgb/frame
2023-03-22 16:17:08.062 | INFO     | __main__:generate_image:81 - generae images, crop True, image size 512
2023-03-22 16:17:11.084 | INFO     | __main__:generate_image:92 - detect first image ./rgb/frame/rgb_f000000.png
2023-03-22 16:17:22.456 | INFO     | __main__:generate_image:118 - images are stored in ./rgb/image
2023-03-22 16:17:23.682 | INFO     | __main__:generate_cloth_segmentation:163 - generate cloth segmentation for ./rgb/image
2023-03-22 16:17:24.789 | INFO     | __main__:generate_pixie:207 - generate pixie results
2023-03-22 16:20:22.711 | INFO     | __main__:process_video:246 - processing rgb
2023-03-22 16:20:22.712 | INFO     | __main__:generate_frame:68 - copy frames from folder: rgb...
2023-03-22 16:20:22.719 | INFO     | __main__:generate_frame:76 - video frames are stored in ./rgb/frame
2023-03-22 16:20:22.719 | INFO     | __main__:generate_image:81 - generae images, crop True, image size 512
2023-03-22 16:20:25.656 | INFO     | __main__:generate_image:92 - detect first image ./rgb/frame/rgb_f000000.png
2023-03-22 16:20:37.109 | INFO     | __main__:generate_image:118 - images are stored in ./rgb/image
2023-03-22 16:20:38.295 | INFO     | __main__:generate_cloth_segmentation:163 - generate cloth segmentation for ./rgb/image
2023-03-22 16:20:39.415 | INFO     | __main__:generate_pixie:207 - generate pixie results
2023-03-22 16:20:53.191 | INFO     | __main__:process_video:267 - finish rgb
2023-03-22 16:29:40.442 | INFO     | __main__:process_video:246 - processing sample_video_trimed
2023-03-22 16:29:40.443 | INFO     | __main__:generate_frame:48 - extract frames from video: sample_video_trimed.mp4..., then save to ./sample_video_trimed/sample_video_trimed.mp4
2023-03-22 16:29:47.955 | INFO     | __main__:generate_frame:66 - extracted 300 frames
2023-03-22 16:29:47.955 | INFO     | __main__:generate_frame:76 - video frames are stored in ./sample_video_trimed/frame
2023-03-22 16:29:47.957 | INFO     | __main__:generate_image:81 - generae images, crop True, image size 512
2023-03-22 16:29:50.794 | INFO     | __main__:generate_image:92 - detect first image ./sample_video_trimed/frame/sample_video_trimed_f000000.png
2023-03-22 16:31:37.571 | INFO     | __main__:generate_image:118 - images are stored in ./sample_video_trimed/image
2023-03-22 16:31:52.240 | INFO     | __main__:generate_cloth_segmentation:163 - generate cloth segmentation for ./sample_video_trimed/image
2023-03-22 16:32:04.721 | INFO     | __main__:generate_pixie:207 - generate pixie results
2023-03-22 16:33:39.553 | INFO     | __main__:process_video:267 - finish sample_video_trimed
2023-03-22 17:49:36.710 | INFO     | __main__:process_video:246 - processing sample_video_trimed
2023-03-22 17:49:36.710 | INFO     | __main__:generate_frame:48 - extract frames from video: sample_video_trimed.mp4..., then save to ./sample_video_trimed/sample_video_trimed.mp4
2023-03-22 17:49:44.020 | INFO     | __main__:generate_frame:66 - extracted 300 frames
2023-03-22 17:49:44.021 | INFO     | __main__:generate_frame:76 - video frames are stored in ./sample_video_trimed/frame
2023-03-22 17:49:44.023 | INFO     | __main__:generate_image:81 - generae images, crop True, image size 512
2023-03-22 17:49:46.840 | INFO     | __main__:generate_image:92 - detect first image ./sample_video_trimed/frame/sample_video_trimed_f000000.png
2023-03-22 17:51:32.937 | INFO     | __main__:generate_image:118 - images are stored in ./sample_video_trimed/image
2023-03-22 17:51:47.249 | INFO     | __main__:generate_cloth_segmentation:163 - generate cloth segmentation for ./sample_video_trimed/image
2023-03-22 17:52:00.315 | INFO     | __main__:generate_pixie:207 - generate pixie results
2023-03-22 17:53:31.874 | INFO     | __main__:process_video:267 - finish sample_video_trimed
2023-03-22 20:46:09.580 | INFO     | __main__:process_video:246 - processing DSC_7157
2023-03-22 20:46:09.581 | INFO     | __main__:generate_frame:48 - extract frames from video: test_data/DSC_7157.mp4..., then save to test_data/DSC_7157/DSC_7157.mp4
2023-03-22 20:46:27.093 | INFO     | __main__:generate_frame:66 - extracted 401 frames
2023-03-22 20:46:27.093 | INFO     | __main__:generate_frame:76 - video frames are stored in test_data/DSC_7157/frame
2023-03-22 20:46:27.095 | INFO     | __main__:generate_image:81 - generae images, crop True, image size 512
2023-03-22 20:46:29.858 | INFO     | __main__:generate_image:92 - detect first image test_data/DSC_7157/frame/DSC_7157_f000000.png
2023-03-22 20:48:48.330 | INFO     | __main__:generate_image:118 - images are stored in test_data/DSC_7157/image
2023-03-22 20:49:05.575 | INFO     | __main__:generate_cloth_segmentation:163 - generate cloth segmentation for test_data/DSC_7157/image
2023-03-22 20:49:22.119 | INFO     | __main__:generate_pixie:207 - generate pixie results
2023-03-22 20:51:32.422 | INFO     | __main__:process_video:267 - finish DSC_7157
2023-04-06 15:33:46.369 | INFO     | __main__:process_video:246 - processing synbody
2023-04-06 15:33:46.369 | INFO     | __main__:generate_frame:68 - copy frames from folder: /nvme/liushuai/SCARF/process_data/test_data/synbody...
2023-04-06 15:33:46.410 | INFO     | __main__:generate_frame:76 - video frames are stored in /nvme/liushuai/SCARF/process_data/test_data/synbody/frame
2023-04-06 15:33:46.410 | INFO     | __main__:generate_image:81 - generae images, crop True, image size 512
2023-04-06 15:33:49.820 | INFO     | __main__:generate_image:92 - detect first image /nvme/liushuai/SCARF/process_data/test_data/synbody/frame/synbody_f000000.png
2023-04-06 15:34:38.912 | INFO     | __main__:generate_image:118 - images are stored in /nvme/liushuai/SCARF/process_data/test_data/synbody/image
2023-04-06 15:34:38.913 | INFO     | __main__:generate_pixie:207 - generate pixie results
2023-04-06 15:36:36.716 | INFO     | __main__:process_video:267 - finish synbody
2023-04-06 15:46:16.501 | INFO     | __main__:process_video:252 - processing synbody
2023-04-06 15:46:16.501 | INFO     | __main__:generate_pixie:210 - generate pixie results
2023-04-06 15:46:46.822 | INFO     | __main__:process_video:252 - processing synbody
2023-04-06 15:46:46.822 | INFO     | __main__:generate_pixie:210 - generate pixie results
2023-04-06 16:01:13.883 | INFO     | __main__:process_video:254 - processing synbody
2023-04-06 16:01:13.884 | INFO     | __main__:generate_pixie:212 - generate pixie results
2023-04-06 16:37:14.450 | INFO     | __main__:process_video:262 - processing synbody
2023-04-06 16:37:14.451 | INFO     | __main__:generate_pixie:218 - generate pixie results
2023-04-06 16:37:59.374 | INFO     | __main__:process_video:262 - processing synbody
2023-04-06 16:37:59.374 | INFO     | __main__:generate_pixie:218 - generate pixie results
2023-04-06 16:40:06.587 | INFO     | __main__:process_video:283 - finish synbody
2023-04-06 16:48:57.131 | INFO     | __main__:process_video:262 - processing synbody
2023-04-06 16:48:57.131 | INFO     | __main__:generate_pixie:218 - generate pixie results
2023-04-06 17:08:54.260 | INFO     | __main__:process_video:267 - processing synbody
2023-04-06 17:08:54.260 | INFO     | __main__:generate_pixie:223 - generate pixie results
2023-04-06 17:10:58.301 | INFO     | __main__:process_video:288 - finish synbody
2023-04-06 17:19:16.863 | INFO     | __main__:process_video:267 - processing synbody
2023-04-06 17:19:16.863 | INFO     | __main__:generate_frame:68 - copy frames from folder: /nvme/liushuai/SCARF/process_data/test_data/synbody...
2023-04-06 17:19:16.922 | INFO     | __main__:generate_frame:76 - video frames are stored in /nvme/liushuai/SCARF/process_data/test_data/synbody/frame
2023-04-06 17:19:16.922 | INFO     | __main__:generate_image:81 - generae images, crop True, image size 512
2023-04-06 17:19:19.927 | INFO     | __main__:generate_image:92 - detect first image /nvme/liushuai/SCARF/process_data/test_data/synbody/frame/synbody_f000000.png
2023-04-06 17:20:10.702 | INFO     | __main__:generate_image:118 - images are stored in /nvme/liushuai/SCARF/process_data/test_data/synbody/image
2023-04-06 17:20:26.439 | INFO     | __main__:generate_cloth_segmentation:163 - generate cloth segmentation for /nvme/liushuai/SCARF/process_data/test_data/synbody/image
2023-04-06 17:20:42.585 | INFO     | __main__:generate_pixie:223 - generate pixie results
2023-04-06 17:22:41.192 | INFO     | __main__:process_video:288 - finish synbody
2023-04-06 21:17:44.946 | INFO     | __main__:process_video:267 - processing synbody_estimate
2023-04-06 21:17:44.946 | INFO     | __main__:generate_frame:68 - copy frames from folder: /nvme/liushuai/SCARF/process_data/test_data/synbody_estimate...
2023-04-06 21:17:45.005 | INFO     | __main__:generate_frame:76 - video frames are stored in /nvme/liushuai/SCARF/process_data/test_data/synbody_estimate/frame
2023-04-06 21:17:45.005 | INFO     | __main__:generate_image:81 - generae images, crop True, image size 512
2023-04-06 21:17:48.330 | INFO     | __main__:generate_image:92 - detect first image /nvme/liushuai/SCARF/process_data/test_data/synbody_estimate/frame/synbody_estimate_f000000.png
2023-04-06 21:20:47.133 | INFO     | __main__:process_video:267 - processing synbody_estimate
2023-04-06 21:20:47.133 | INFO     | __main__:generate_frame:68 - copy frames from folder: /nvme/liushuai/SCARF/process_data/test_data/synbody_estimate...
2023-04-06 21:20:47.277 | INFO     | __main__:generate_frame:76 - video frames are stored in /nvme/liushuai/SCARF/process_data/test_data/synbody_estimate/frame
2023-04-06 21:20:47.277 | INFO     | __main__:generate_image:81 - generae images, crop True, image size 512
2023-04-06 21:20:50.272 | INFO     | __main__:generate_image:92 - detect first image /nvme/liushuai/SCARF/process_data/test_data/synbody_estimate/frame/synbody_estimate_f000000.png
2023-04-06 21:21:39.858 | INFO     | __main__:generate_image:118 - images are stored in /nvme/liushuai/SCARF/process_data/test_data/synbody_estimate/image
2023-04-06 21:21:55.372 | INFO     | __main__:generate_cloth_segmentation:163 - generate cloth segmentation for /nvme/liushuai/SCARF/process_data/test_data/synbody_estimate/image
2023-04-06 21:22:11.742 | INFO     | __main__:generate_pixie:223 - generate pixie results
2023-04-06 21:24:13.355 | INFO     | __main__:process_video:288 - finish synbody_estimate
2023-04-11 14:35:30.070 | INFO     | __main__:process_video:268 - processing synbody_scarf
2023-04-11 14:35:30.071 | INFO     | __main__:generate_pixie:224 - generate pixie results
2023-04-11 14:45:17.368 | INFO     | __main__:process_video:272 - processing synbody_scarf
2023-04-11 14:45:17.368 | INFO     | __main__:generate_pixie:228 - generate pixie results
2023-04-11 14:47:11.215 | INFO     | __main__:process_video:272 - processing synbody
2023-04-11 14:47:11.215 | INFO     | __main__:generate_pixie:228 - generate pixie results
2023-04-11 14:47:31.282 | INFO     | __main__:process_video:272 - processing synbody
2023-04-11 14:47:31.283 | INFO     | __main__:generate_frame:68 - copy frames from folder: /nvme/liushuai/SCARF/process_data/test_data/synbody...
2023-04-11 14:47:31.559 | INFO     | __main__:generate_frame:76 - video frames are stored in /nvme/liushuai/SCARF/process_data/test_data/synbody/frame
2023-04-11 14:47:31.559 | INFO     | __main__:generate_image:81 - generae images, crop True, image size 512
2023-04-11 14:47:34.786 | INFO     | __main__:generate_image:92 - detect first image /nvme/liushuai/SCARF/process_data/test_data/synbody/frame/synbody_f000000.png
2023-04-11 14:48:25.359 | INFO     | __main__:generate_image:118 - images are stored in /nvme/liushuai/SCARF/process_data/test_data/synbody/image
2023-04-11 14:48:25.360 | INFO     | __main__:generate_pixie:228 - generate pixie results
2023-04-11 14:50:35.933 | INFO     | __main__:process_video:293 - finish synbody
2023-04-11 14:59:18.787 | INFO     | __main__:process_video:272 - processing synbody
2023-04-11 14:59:18.787 | INFO     | __main__:generate_frame:68 - copy frames from folder: /nvme/liushuai/SCARF/process_data/test_data/synbody...
2023-04-11 14:59:18.894 | INFO     | __main__:generate_frame:76 - video frames are stored in /nvme/liushuai/SCARF/process_data/test_data/synbody/frame
2023-04-11 14:59:18.894 | INFO     | __main__:generate_image:81 - generae images, crop True, image size 512
2023-04-11 14:59:22.761 | INFO     | __main__:generate_image:92 - detect first image /nvme/liushuai/SCARF/process_data/test_data/synbody/frame/synbody_f000000.png
2023-04-11 15:00:17.653 | INFO     | __main__:generate_image:118 - images are stored in /nvme/liushuai/SCARF/process_data/test_data/synbody/image
2023-04-11 15:00:17.656 | INFO     | __main__:generate_pixie:228 - generate pixie results
2023-04-11 15:01:31.957 | INFO     | __main__:process_video:272 - processing synbody
2023-04-11 15:01:31.957 | INFO     | __main__:generate_frame:68 - copy frames from folder: /nvme/liushuai/SCARF/process_data/test_data/synbody...
2023-04-11 15:01:32.033 | INFO     | __main__:generate_frame:76 - video frames are stored in /nvme/liushuai/SCARF/process_data/test_data/synbody/frame
2023-04-11 15:01:32.033 | INFO     | __main__:generate_image:81 - generae images, crop True, image size 512
2023-04-11 15:01:35.171 | INFO     | __main__:generate_image:92 - detect first image /nvme/liushuai/SCARF/process_data/test_data/synbody/frame/synbody_f000000.png
2023-04-11 15:02:25.474 | INFO     | __main__:generate_image:118 - images are stored in /nvme/liushuai/SCARF/process_data/test_data/synbody/image
2023-04-11 15:02:25.475 | INFO     | __main__:generate_pixie:228 - generate pixie results
2023-04-11 15:18:05.340 | INFO     | __main__:process_video:272 - processing synbody
2023-04-11 15:18:05.341 | INFO     | __main__:generate_frame:68 - copy frames from folder: /nvme/liushuai/SCARF/process_data/test_data/synbody...
2023-04-11 15:18:05.400 | INFO     | __main__:generate_frame:76 - video frames are stored in /nvme/liushuai/SCARF/process_data/test_data/synbody/frame
2023-04-11 15:18:05.400 | INFO     | __main__:generate_image:81 - generae images, crop True, image size 512
2023-04-11 15:18:08.273 | INFO     | __main__:generate_image:92 - detect first image /nvme/liushuai/SCARF/process_data/test_data/synbody/frame/synbody_f000000.png
2023-04-11 15:18:31.262 | INFO     | __main__:process_video:272 - processing synbody
2023-04-11 15:18:31.262 | INFO     | __main__:generate_pixie:228 - generate pixie results
2023-04-11 15:35:36.887 | INFO     | __main__:process_video:272 - processing synbody
2023-04-11 15:35:36.887 | INFO     | __main__:generate_pixie:228 - generate pixie results
2023-04-11 15:36:37.607 | INFO     | __main__:process_video:272 - processing synbody
2023-04-11 15:36:37.607 | INFO     | __main__:generate_pixie:228 - generate pixie results
2023-04-11 15:38:15.988 | INFO     | __main__:process_video:272 - processing synbody
2023-04-11 15:38:15.988 | INFO     | __main__:generate_pixie:228 - generate pixie results
2023-04-11 15:45:18.140 | INFO     | __main__:process_video:272 - processing synbody
2023-04-11 15:45:18.141 | INFO     | __main__:generate_pixie:228 - generate pixie results
2023-04-11 17:04:42.893 | INFO     | __main__:process_video:272 - processing synbody
2023-04-11 17:04:42.893 | INFO     | __main__:generate_pixie:228 - generate pixie results
2023-04-11 17:17:14.476 | INFO     | __main__:process_video:272 - processing synbody
2023-04-11 17:17:14.476 | INFO     | __main__:generate_pixie:228 - generate pixie results
2023-04-11 17:18:39.543 | INFO     | __main__:process_video:272 - processing synbody
2023-04-11 17:18:39.543 | INFO     | __main__:generate_pixie:228 - generate pixie results
2023-04-11 17:22:40.948 | INFO     | __main__:process_video:272 - processing synbody
2023-04-11 17:22:40.948 | INFO     | __main__:generate_pixie:228 - generate pixie results
2023-04-11 17:23:36.391 | INFO     | __main__:process_video:272 - processing synbody
2023-04-11 17:23:36.391 | INFO     | __main__:generate_pixie:228 - generate pixie results
2023-04-11 17:26:19.852 | INFO     | __main__:process_video:272 - processing synbody
2023-04-11 17:26:19.853 | INFO     | __main__:generate_pixie:228 - generate pixie results
2023-04-11 17:31:55.259 | INFO     | __main__:process_video:272 - processing synbody
2023-04-11 17:31:55.259 | INFO     | __main__:generate_pixie:228 - generate pixie results
2023-04-11 17:35:00.953 | INFO     | __main__:process_video:272 - processing synbody
2023-04-11 17:35:00.953 | INFO     | __main__:generate_pixie:228 - generate pixie results
2023-04-11 17:48:35.973 | INFO     | __main__:process_video:272 - processing synbody
2023-04-11 17:48:35.973 | INFO     | __main__:generate_pixie:228 - generate pixie results
2023-04-11 17:48:55.735 | INFO     | __main__:process_video:272 - processing synbody
2023-04-11 17:48:55.735 | INFO     | __main__:generate_frame:68 - copy frames from folder: /nvme/liushuai/SCARF/process_data/test_data/synbody...
2023-04-11 17:48:55.736 | INFO     | __main__:generate_frame:76 - video frames are stored in /nvme/liushuai/SCARF/process_data/test_data/synbody/frame
2023-04-11 17:48:55.736 | INFO     | __main__:generate_image:81 - generae images, crop True, image size 512
2023-04-11 17:49:46.088 | INFO     | __main__:process_video:272 - processing synbody
2023-04-11 17:49:46.088 | INFO     | __main__:generate_frame:68 - copy frames from folder: /nvme/liushuai/SCARF/process_data/test_data/synbody...
2023-04-11 17:49:46.088 | INFO     | __main__:generate_frame:76 - video frames are stored in /nvme/liushuai/SCARF/process_data/test_data/synbody/frame
2023-04-11 17:49:46.089 | INFO     | __main__:generate_image:81 - generae images, crop True, image size 512
2023-04-11 17:50:17.143 | INFO     | __main__:process_video:272 - processing img
2023-04-11 17:50:17.144 | INFO     | __main__:generate_frame:68 - copy frames from folder: /nvme/liushuai/SCARF/process_data/test_data/synbody/img...
2023-04-11 17:50:17.407 | INFO     | __main__:generate_frame:76 - video frames are stored in /nvme/liushuai/SCARF/process_data/test_data/synbody/img/frame
2023-04-11 17:50:17.408 | INFO     | __main__:generate_image:81 - generae images, crop True, image size 512
2023-04-11 17:50:20.763 | INFO     | __main__:generate_image:92 - detect first image /nvme/liushuai/SCARF/process_data/test_data/synbody/img/frame/img_f000000.png
2023-04-11 17:51:10.909 | INFO     | __main__:generate_image:118 - images are stored in /nvme/liushuai/SCARF/process_data/test_data/synbody/img/image
2023-04-11 17:51:10.910 | INFO     | __main__:generate_pixie:228 - generate pixie results
2023-04-11 17:54:29.833 | INFO     | __main__:process_video:272 - processing img
2023-04-11 17:54:29.834 | INFO     | __main__:generate_pixie:228 - generate pixie results
2023-04-11 17:56:52.588 | INFO     | __main__:process_video:293 - finish img
2023-04-11 17:58:05.463 | INFO     | __main__:process_video:272 - processing img
2023-04-11 17:58:05.464 | INFO     | __main__:generate_pixie:228 - generate pixie results
2023-04-11 18:00:33.912 | INFO     | __main__:process_video:293 - finish img
2023-04-11 18:01:50.492 | INFO     | __main__:process_video:272 - processing img
2023-04-11 18:01:50.492 | INFO     | __main__:generate_pixie:228 - generate pixie results
2023-04-11 18:16:00.126 | INFO     | __main__:process_video:273 - processing img
2023-04-11 18:16:00.127 | INFO     | __main__:generate_pixie:229 - generate pixie results
2023-04-11 18:18:52.519 | INFO     | __main__:process_video:273 - processing img
2023-04-11 18:18:52.519 | INFO     | __main__:generate_pixie:229 - generate pixie results
2023-04-11 18:22:17.263 | INFO     | __main__:process_video:274 - processing img
2023-04-11 18:22:17.263 | INFO     | __main__:generate_pixie:229 - generate pixie results
2023-04-11 18:25:59.600 | INFO     | __main__:process_video:274 - processing img
2023-04-11 18:25:59.600 | INFO     | __main__:generate_pixie:229 - generate pixie results
2023-04-11 18:27:38.446 | INFO     | __main__:process_video:274 - processing img
2023-04-11 18:27:38.446 | INFO     | __main__:generate_pixie:229 - generate pixie results
2023-04-11 18:28:21.698 | INFO     | __main__:process_video:274 - processing img
2023-04-11 18:28:21.698 | INFO     | __main__:generate_pixie:229 - generate pixie results
2023-04-11 18:31:03.258 | INFO     | __main__:process_video:274 - processing img
2023-04-11 18:31:03.258 | INFO     | __main__:generate_pixie:229 - generate pixie results
2023-04-11 18:32:31.856 | INFO     | __main__:process_video:274 - processing img
2023-04-11 18:32:31.856 | INFO     | __main__:generate_pixie:229 - generate pixie results
2023-04-11 18:33:05.831 | INFO     | __main__:process_video:274 - processing img
2023-04-11 18:33:05.832 | INFO     | __main__:generate_pixie:229 - generate pixie results
2023-04-11 18:35:36.338 | INFO     | __main__:process_video:295 - finish img
2023-04-11 18:36:00.225 | INFO     | __main__:process_video:274 - processing img
2023-04-11 18:36:00.225 | INFO     | __main__:generate_pixie:229 - generate pixie results
2023-04-11 18:37:44.932 | INFO     | __main__:process_video:274 - processing img
2023-04-11 18:37:44.933 | INFO     | __main__:generate_frame:68 - copy frames from folder: /nvme/liushuai/SCARF/process_data/test_data/synbody/img...
2023-04-11 18:37:44.974 | INFO     | __main__:generate_frame:76 - video frames are stored in /nvme/liushuai/SCARF/process_data/test_data/synbody/img/frame
2023-04-11 18:37:44.974 | INFO     | __main__:generate_image:81 - generae images, crop True, image size 1024
2023-04-11 18:37:48.331 | INFO     | __main__:generate_image:92 - detect first image /nvme/liushuai/SCARF/process_data/test_data/synbody/img/frame/img_f000000.png
2023-04-11 18:40:38.816 | INFO     | __main__:generate_image:118 - images are stored in /nvme/liushuai/SCARF/process_data/test_data/synbody/img/image
2023-04-11 18:40:38.816 | INFO     | __main__:generate_pixie:229 - generate pixie results
2023-04-11 18:43:29.191 | INFO     | __main__:process_video:295 - finish img
2023-04-11 18:48:02.233 | INFO     | __main__:process_video:274 - processing img
2023-04-11 18:48:02.234 | INFO     | __main__:generate_frame:68 - copy frames from folder: /nvme/liushuai/SCARF/process_data/test_data/synbody/img...
2023-04-11 18:48:02.274 | INFO     | __main__:generate_frame:76 - video frames are stored in /nvme/liushuai/SCARF/process_data/test_data/synbody/img/frame
2023-04-11 18:48:02.274 | INFO     | __main__:generate_image:81 - generae images, crop True, image size 1024
2023-04-11 18:48:05.464 | INFO     | __main__:generate_image:92 - detect first image /nvme/liushuai/SCARF/process_data/test_data/synbody/img/frame/img_f000000.png
2023-04-11 18:50:56.917 | INFO     | __main__:generate_image:118 - images are stored in /nvme/liushuai/SCARF/process_data/test_data/synbody/img/image
2023-04-11 18:50:56.918 | INFO     | __main__:generate_pixie:229 - generate pixie results
2023-04-12 10:47:58.058 | INFO     | __main__:process_video:274 - processing img
2023-04-12 10:47:58.059 | INFO     | __main__:generate_frame:68 - copy frames from folder: /nvme/liushuai/SCARF/process_data/test_data/synbody/img...
2023-04-12 10:47:58.098 | INFO     | __main__:generate_frame:76 - video frames are stored in /nvme/liushuai/SCARF/process_data/test_data/synbody/img/frame
2023-04-12 10:47:58.099 | INFO     | __main__:generate_image:81 - generae images, crop True, image size 1024
2023-04-12 10:48:01.525 | INFO     | __main__:generate_image:92 - detect first image /nvme/liushuai/SCARF/process_data/test_data/synbody/img/frame/img_f000000.png
2023-04-12 10:50:51.801 | INFO     | __main__:generate_image:118 - images are stored in /nvme/liushuai/SCARF/process_data/test_data/synbody/img/image
2023-04-12 10:50:51.802 | INFO     | __main__:generate_pixie:229 - generate pixie results
2023-04-12 10:54:18.124 | INFO     | __main__:process_video:274 - processing img
2023-04-12 10:54:18.124 | INFO     | __main__:generate_pixie:229 - generate pixie results
2023-04-12 10:57:48.670 | INFO     | __main__:process_video:295 - finish img
2023-04-12 11:49:56.861 | INFO     | __main__:process_video:275 - processing img
2023-04-12 11:49:56.861 | INFO     | __main__:generate_image:81 - generae images, crop True, image size 1024
2023-04-12 11:49:59.797 | INFO     | __main__:generate_image:92 - detect first image /nvme/liushuai/SCARF/process_data/test_data/synbody/img/frame/img_f000000.png
2023-04-12 11:52:44.242 | INFO     | __main__:generate_image:119 - images are stored in /nvme/liushuai/SCARF/process_data/test_data/synbody/img/image
2023-04-12 11:52:44.243 | INFO     | __main__:generate_pixie:230 - generate pixie results
2023-04-12 11:56:09.291 | INFO     | __main__:process_video:275 - processing img
2023-04-12 11:56:09.291 | INFO     | __main__:generate_image:81 - generae images, crop True, image size 1024
2023-04-12 11:56:12.463 | INFO     | __main__:generate_image:92 - detect first image /nvme/liushuai/SCARF/process_data/test_data/synbody/img/frame/img_f000000.png
2023-04-12 11:58:56.285 | INFO     | __main__:generate_image:119 - images are stored in /nvme/liushuai/SCARF/process_data/test_data/synbody/img/image
2023-04-12 11:58:56.286 | INFO     | __main__:generate_pixie:230 - generate pixie results
2023-04-12 12:02:28.846 | INFO     | __main__:process_video:296 - finish img
2023-04-12 13:55:37.100 | INFO     | __main__:process_video:275 - processing img
2023-04-12 13:55:37.100 | INFO     | __main__:generate_image:81 - generae images, crop True, image size 1024
2023-04-12 13:55:40.180 | INFO     | __main__:generate_image:92 - detect first image /nvme/liushuai/SCARF/process_data/test_data/synbody/img/frame/img_f000000.png
2023-04-12 13:58:23.375 | INFO     | __main__:generate_image:119 - images are stored in /nvme/liushuai/SCARF/process_data/test_data/synbody/img/image
2023-04-12 13:58:23.376 | INFO     | __main__:generate_pixie:230 - generate pixie results
2023-04-12 14:06:43.442 | INFO     | __main__:process_video:275 - processing img
2023-04-12 14:06:43.442 | INFO     | __main__:generate_image:81 - generae images, crop True, image size 1024
2023-04-12 14:06:46.593 | INFO     | __main__:generate_image:92 - detect first image /nvme/liushuai/SCARF/process_data/test_data/synbody/img/frame/img_f000000.png
2023-04-12 14:09:50.987 | INFO     | __main__:generate_image:119 - images are stored in /nvme/liushuai/SCARF/process_data/test_data/synbody/img/image
2023-04-12 14:09:50.988 | INFO     | __main__:generate_pixie:230 - generate pixie results
2023-04-12 14:13:16.086 | INFO     | __main__:process_video:275 - processing img
2023-04-12 14:13:16.087 | INFO     | __main__:generate_image:81 - generae images, crop True, image size 1024
2023-04-12 14:13:19.238 | INFO     | __main__:generate_image:92 - detect first image /nvme/liushuai/SCARF/process_data/test_data/synbody/img/frame/img_f000000.png
2023-04-12 14:13:48.534 | INFO     | __main__:process_video:275 - processing img
2023-04-12 14:13:48.534 | INFO     | __main__:generate_pixie:230 - generate pixie results
2023-04-12 14:14:47.970 | INFO     | __main__:process_video:275 - processing img
2023-04-12 14:14:47.971 | INFO     | __main__:generate_pixie:230 - generate pixie results
2023-04-12 14:40:25.158 | INFO     | __main__:process_video:275 - processing img
2023-04-12 14:40:25.159 | INFO     | __main__:generate_pixie:230 - generate pixie results
2023-04-12 14:44:17.918 | INFO     | __main__:process_video:275 - processing img
2023-04-12 14:44:17.918 | INFO     | __main__:generate_pixie:230 - generate pixie results
2023-04-12 14:44:53.164 | INFO     | __main__:process_video:275 - processing img
2023-04-12 14:44:53.164 | INFO     | __main__:generate_pixie:230 - generate pixie results
2023-04-12 14:48:13.430 | INFO     | __main__:process_video:275 - processing img
2023-04-12 14:48:13.430 | INFO     | __main__:generate_pixie:230 - generate pixie results
2023-04-12 14:50:56.239 | INFO     | __main__:process_video:275 - processing img
2023-04-12 14:50:56.240 | INFO     | __main__:generate_frame:68 - copy frames from folder: /nvme/liushuai/SCARF/process_data/test_data/synbody/img...
2023-04-12 14:50:56.279 | INFO     | __main__:generate_frame:76 - video frames are stored in /nvme/liushuai/SCARF/process_data/test_data/synbody/img/frame
2023-04-12 14:50:56.280 | INFO     | __main__:generate_image:81 - generae images, crop True, image size 1024
2023-04-12 14:50:59.333 | INFO     | __main__:generate_image:92 - detect first image /nvme/liushuai/SCARF/process_data/test_data/synbody/img/frame/img_f000000.png
2023-04-12 14:53:49.922 | INFO     | __main__:generate_image:119 - images are stored in /nvme/liushuai/SCARF/process_data/test_data/synbody/img/image
2023-04-12 14:53:49.923 | INFO     | __main__:generate_pixie:230 - generate pixie results
2023-04-12 14:57:26.345 | INFO     | __main__:process_video:296 - finish img
2023-04-12 14:57:49.728 | INFO     | __main__:process_video:277 - processing img
2023-04-12 14:57:49.728 | INFO     | __main__:generate_frame:68 - copy frames from folder: /nvme/liushuai/SCARF/process_data/test_data/synbody/img...
2023-04-12 14:57:49.771 | INFO     | __main__:generate_frame:76 - video frames are stored in /nvme/liushuai/SCARF/process_data/test_data/synbody/img/frame
2023-04-12 14:57:49.771 | INFO     | __main__:generate_image:81 - generae images, crop True, image size 1024
2023-04-12 14:57:53.243 | INFO     | __main__:generate_image:92 - detect first image /nvme/liushuai/SCARF/process_data/test_data/synbody/img/frame/img_f000000.png
2023-04-12 15:00:43.410 | INFO     | __main__:generate_image:119 - images are stored in /nvme/liushuai/SCARF/process_data/test_data/synbody/img/image
2023-04-12 15:00:43.411 | INFO     | __main__:generate_pixie:232 - generate pixie results
2023-04-12 15:20:31.188 | INFO     | __main__:process_video:277 - processing img
2023-04-12 15:20:31.188 | INFO     | __main__:generate_frame:68 - copy frames from folder: /nvme/liushuai/SCARF/process_data/test_data/synbody/img...
2023-04-12 15:20:31.227 | INFO     | __main__:generate_frame:76 - video frames are stored in /nvme/liushuai/SCARF/process_data/test_data/synbody/img/frame
2023-04-12 15:20:31.227 | INFO     | __main__:generate_image:81 - generae images, crop True, image size 1024
2023-04-12 15:20:34.390 | INFO     | __main__:generate_image:92 - detect first image /nvme/liushuai/SCARF/process_data/test_data/synbody/img/frame/img_f000000.png
2023-04-12 15:23:23.720 | INFO     | __main__:generate_image:119 - images are stored in /nvme/liushuai/SCARF/process_data/test_data/synbody/img/image
2023-04-12 15:23:23.720 | INFO     | __main__:generate_pixie:232 - generate pixie results
2023-04-12 15:26:53.647 | INFO     | __main__:process_video:298 - finish img
2023-04-12 15:35:04.887 | INFO     | __main__:process_video:277 - processing img
2023-04-12 15:35:04.887 | INFO     | __main__:generate_frame:68 - copy frames from folder: /nvme/liushuai/SCARF/process_data/test_data/synbody/img...
2023-04-12 15:35:04.928 | INFO     | __main__:generate_frame:76 - video frames are stored in /nvme/liushuai/SCARF/process_data/test_data/synbody/img/frame
2023-04-12 15:35:04.929 | INFO     | __main__:generate_image:81 - generae images, crop True, image size 1024
2023-04-12 15:35:08.081 | INFO     | __main__:generate_image:92 - detect first image /nvme/liushuai/SCARF/process_data/test_data/synbody/img/frame/img_f000000.png
2023-04-12 15:35:27.176 | INFO     | __main__:process_video:277 - processing img
2023-04-12 15:35:27.176 | INFO     | __main__:generate_pixie:232 - generate pixie results
2023-04-12 15:39:08.679 | INFO     | __main__:process_video:277 - processing img
2023-04-12 15:39:08.679 | INFO     | __main__:generate_pixie:232 - generate pixie results
2023-04-12 15:40:49.615 | INFO     | __main__:process_video:277 - processing img
2023-04-12 15:40:49.615 | INFO     | __main__:generate_pixie:232 - generate pixie results
2023-04-12 15:43:54.181 | INFO     | __main__:process_video:277 - processing img
2023-04-12 15:43:54.181 | INFO     | __main__:generate_pixie:232 - generate pixie results
2023-04-12 15:48:56.156 | INFO     | __main__:process_video:277 - processing img
2023-04-12 15:48:56.156 | INFO     | __main__:generate_pixie:232 - generate pixie results
2023-04-12 15:49:04.937 | INFO     | __main__:process_video:277 - processing img
2023-04-12 15:49:04.938 | INFO     | __main__:generate_pixie:232 - generate pixie results
2023-04-12 15:50:12.586 | INFO     | __main__:process_video:277 - processing img
2023-04-12 15:50:12.587 | INFO     | __main__:generate_pixie:232 - generate pixie results
2023-04-12 15:54:53.574 | INFO     | __main__:process_video:277 - processing img
2023-04-12 15:54:53.574 | INFO     | __main__:generate_pixie:232 - generate pixie results
2023-04-12 15:55:34.137 | INFO     | __main__:process_video:277 - processing img
2023-04-12 15:55:34.137 | INFO     | __main__:generate_pixie:232 - generate pixie results
